<?xml version="1.0" ?>
<coverage version="7.13.1" timestamp="1767512919527" lines-valid="6" lines-covered="6" line-rate="1" branches-valid="0" branches-covered="0" branch-rate="1" complexity="0">
	<!-- Generated by coverage.py: https://coverage.readthedocs.io/en/7.13.1 -->
	<!-- Based on https://raw.githubusercontent.com/cobertura/web/master/htdocs/xml/coverage-04.dtd -->
	<sources>
		<source>/home/runner/work/Collab-Admin/Collab-Admin/src</source>
	</sources>
	<packages>
		<package name="my_project" line-rate="1" branch-rate="1" complexity="0">
			<classes>
				<class name="__init__.py" filename="my_project/__init__.py" complexity="0" line-rate="1" branch-rate="1">
					<methods/>
					<lines>
						<line number="3" hits="1"/>
						<line number="4" hits="1"/>
						<line number="7" hits="1"/>
						<line number="16" hits="1"/>
						<line number="19" hits="1"/>
						<line number="29" hits="1"/>
					</lines>
				</class>
			</classes>
		</package>
	</packages>
</coverage>
